<?xml version="1.0" encoding="UTF-8"?>
<!-- Generated by org.testng.reporters.JUnitReportReporter -->
<testsuite hostname="DESKTOP-3RBOU9C" failures="0" tests="1" name="com.spicejet.qa.test.SpiceHolidayPageTest" time="0.001" errors="0" timestamp="2024-02-15T11:33:57 IST" skipped="0">
  <testcase classname="com.spicejet.qa.test.SpiceHolidayPageTest" name="f" time="0.001"/>
  <system-out/>
</testsuite> <!-- com.spicejet.qa.test.SpiceHolidayPageTest -->
