<?xml version="1.0" encoding="UTF-8"?>
<!-- Generated by org.testng.reporters.JUnitReportReporter -->
<testsuite hostname="DESKTOP-3RBOU9C" failures="0" tests="1" name="com.spicejet.qa.test.HomePageTest" time="0.966" errors="0" timestamp="03 Feb 2024 17:23:27 GMT" skipped="0">
  <testcase classname="com.spicejet.qa.test.HomePageTest" name="vaidateHomePageTitle" time="0.966"/>
</testsuite> <!-- com.spicejet.qa.test.HomePageTest -->
