<?xml version="1.0" encoding="UTF-8"?>
<!-- Generated by org.testng.reporters.JUnitReportReporter -->
<testsuite hostname="DESKTOP-3RBOU9C" failures="0" tests="1" name="com.spicejet.qa.test.LoginPageTest" time="2.024" errors="0" timestamp="2024-02-11T07:39:35 IST" skipped="0">
  <testcase classname="com.spicejet.qa.test.LoginPageTest" name="loginPageTest" time="2.024"/>
  <system-out/>
</testsuite> <!-- com.spicejet.qa.test.LoginPageTest -->
