<?xml version="1.0" encoding="UTF-8"?>
<!-- Generated by org.testng.reporters.JUnitReportReporter -->
<testsuite hostname="DESKTOP-3RBOU9C" failures="0" tests="1" name="com.spicejet.qa.test.HomePageTest" time="1.833" errors="0" timestamp="2024-02-14T15:13:45 IST" skipped="0">
  <testcase classname="com.spicejet.qa.test.HomePageTest" name="vaidateHomePageTitle" time="1.833"/>
  <system-out/>
</testsuite> <!-- com.spicejet.qa.test.HomePageTest -->
