<?xml version="1.0" encoding="UTF-8"?>
<!-- Generated by org.testng.reporters.JUnitReportReporter -->
<testsuite hostname="DESKTOP-3RBOU9C" failures="0" tests="1" name="com.spicejet.qa.test.HomePageTest" time="2.466" errors="0" timestamp="2024-02-15T10:59:53 IST" skipped="0">
  <testcase classname="com.spicejet.qa.test.HomePageTest" name="vaidateHomePageTitle" time="2.466"/>
  <system-out/>
</testsuite> <!-- com.spicejet.qa.test.HomePageTest -->
