<?xml version="1.0" encoding="UTF-8"?>
<!-- Generated by org.testng.reporters.JUnitReportReporter -->
<testsuite hostname="DESKTOP-3RBOU9C" failures="0" tests="1" name="com.spicejet.qa.test.LoginPageTest" time="9.785" errors="0" timestamp="03 Feb 2024 17:02:26 GMT" skipped="0">
  <testcase classname="com.spicejet.qa.test.LoginPageTest" name="loginTest" time="9.785"/>
</testsuite> <!-- com.spicejet.qa.test.LoginPageTest -->
